<?xml version="1.0" encoding="UTF-8"?>
<testng-results skipped="0" failed="0" ignored="0" total="1" passed="1">
  <reporter-output>
  </reporter-output>
  <suite name="Default suite" duration-ms="71" started-at="2020-06-30T09:28:11 IST" finished-at="2020-06-30T09:28:11 IST">
    <groups>
    </groups>
    <test name="Default test" duration-ms="71" started-at="2020-06-30T09:28:11 IST" finished-at="2020-06-30T09:28:11 IST">
      <class name="DriverChrome.TestNGProject">
        <test-method status="PASS" signature="TestN()[pri:0, instance:DriverChrome.TestNGProject@4973813a]" name="TestN" duration-ms="15" started-at="2020-06-30T09:28:11 IST" finished-at="2020-06-30T09:28:11 IST">
          <reporter-output>
          </reporter-output>
        </test-method> <!-- TestN -->
      </class> <!-- DriverChrome.TestNGProject -->
    </test> <!-- Default test -->
  </suite> <!-- Default suite -->
</testng-results>
